<?xml version="1.0" encoding="UTF-8"?>
<testng-results ignored="0" total="2" passed="2" failed="0" skipped="0">
  <reporter-output>
  </reporter-output>
  <suite started-at="2022-12-02T19:50:54 EST" name="Suite" finished-at="2022-12-02T19:51:07 EST" duration-ms="12741">
    <groups>
    </groups>
    <test started-at="2022-12-02T19:50:54 EST" name="Test" finished-at="2022-12-02T19:51:07 EST" duration-ms="12741">
      <class name="testNG.facebooklogin">
        <test-method signature="f()[pri:0, instance:testNG.facebooklogin@d5b810e]" started-at="2022-12-02T19:51:03 EST" name="f" finished-at="2022-12-02T19:51:07 EST" duration-ms="3944" status="PASS">
          <reporter-output>
          </reporter-output>
        </test-method> <!-- f -->
      </class> <!-- testNG.facebooklogin -->
      <class name="testNG.NewTest">
        <test-method signature="f()[pri:0, instance:testNG.NewTest@a530d0a]" started-at="2022-12-02T19:50:54 EST" name="f" finished-at="2022-12-02T19:51:03 EST" duration-ms="8755" status="PASS">
          <reporter-output>
          </reporter-output>
        </test-method> <!-- f -->
      </class> <!-- testNG.NewTest -->
    </test> <!-- Test -->
  </suite> <!-- Suite -->
</testng-results>
